<?xml version="1.0" encoding="UTF-8"?>
<!-- Generated by org.testng.reporters.JUnitXMLReporter -->
<testsuite hostname="QARTI-NT022" name="Practice Grouping" tests="3" failures="0" timestamp="6 Nov 2015 12:08:16 GMT" time="0.047" errors="0">
  <testcase name="Car1" time="0.016" classname="automationFramework.Grouping"/>
  <testcase name="Car2" time="0.016" classname="automationFramework.Grouping"/>
  <testcase name="Sedan1" time="0.0" classname="automationFramework.Grouping"/>
</testsuite> <!-- Practice Grouping -->
